[1] "/home/jaguir26/R/x86_64-redhat-linux-gnu-library/4.5"
[2] "/usr/lib64/R/library"                                
[3] "/usr/share/R/library"                                
[4] "/home/jaguir26/R/libs"                               

Attaching package: ‘sn’

The following object is masked from ‘package:stats’:

    sd


Attaching package: ‘Matrix’

The following object is masked from ‘package:dlm’:

    bdiag


Attaching package: ‘zoo’

The following objects are masked from ‘package:base’:

    as.Date, as.Date.numeric

nimble version 1.4.2 is loaded.
For more information on NIMBLE and a User Manual,
please visit https://R-nimble.org.

Attaching package: ‘nimble’

The following object is masked from ‘package:Matrix’:

    expm

The following object is masked from ‘package:stats’:

    simulate

The following object is masked from ‘package:base’:

    declare


Attaching package: ‘expm’

The following object is masked from ‘package:nimble’:

    expm

The following object is masked from ‘package:Matrix’:

    expm

Registered S3 methods overwritten by 'RcppEigen':
  method               from         
  predict.fastLm       RcppArmadillo
  print.fastLm         RcppArmadillo
  summary.fastLm       RcppArmadillo
  print.summary.fastLm RcppArmadillo

Attaching package: ‘RcppEigen’

The following objects are masked from ‘package:RcppArmadillo’:

    fastLm, fastLmPure


Attaching package: ‘ks’

The following object is masked from ‘package:sn’:

    vech


Attaching package: ‘MASS’

The following object is masked from ‘package:patchwork’:

    area


Attaching package: ‘ggplot2’

The following object is masked from ‘package:dlm’:

    %+%


Attaching package: ‘dplyr’

The following object is masked from ‘package:matrixStats’:

    count

The following object is masked from ‘package:MASS’:

    select

The following objects are masked from ‘package:stats’:

    filter, lag

The following objects are masked from ‘package:base’:

    intersect, setdiff, setequal, union


Attaching package: ‘tidyr’

The following objects are masked from ‘package:Matrix’:

    expand, pack, unpack


Attaching package: ‘scales’

The following object is masked from ‘package:readr’:

    col_factor


Attaching package: ‘lubridate’

The following object is masked from ‘package:sn’:

    dst

The following objects are masked from ‘package:base’:

    date, intersect, setdiff, union

Optional package 'dataRetrieval' is not installed; continuing without it.
Optional package 'tseries' is not installed; continuing without it.
Optional package 'rvest' is not installed; continuing without it.
Optional package 'tidyverse' is not installed; continuing without it.
Warning messages:
1: UNIFIED_POST_CACHE_DIR missing; using fallback cache path: /data/muscat_data/jaguir26/project1_ucsc_phd/post/cache 
2: Run-scoped DISC-W artifact q=05 path is empty. 
3: Run-scoped DISC-W artifact q=20 path is empty. 
4: Run-scoped DISC-W artifact q=35 path is empty. 
5: Run-scoped DISC-W artifact q=50 path is empty. 
6: Run-scoped DISC-W artifact q=65 path is empty. 
7: Run-scoped DISC-W artifact q=80 path is empty. 
8: Run-scoped DISC-W artifact q=95 path is empty. 
Using local USGS daily truth CSV: /data/muscat_data/jaguir26/project1_ucsc_phd_runtime/multimodel_v8_publication_replay_representatives_20260506/20210123_exal_m_t1/runs/multimodel_20210123_v8_eps360cf1_exdqlm_multivar_keep_featurecov_cf1/inputs/shared/usgs/usgs_daily.csv
Warning messages:
1: In scale_x_date(breaks = scales::pretty_breaks(6), date_labels = "%b %d") :
  A <numeric> value was passed to a Date scale.
ℹ The value was converted to a <Date> object.
2: Duplicated `override.aes` is ignored. 
Rendered setup/support figures into /data/muscat_data/jaguir26/project1_ucsc_phd_runtime/exal_m_t1_setup_support_by_cutoff_20260506/20210123_exal_m_t1/figures
+ Rscript --vanilla /data/muscat_data/jaguir26/project1_ucsc_phd/scripts/render_setup_support_figures.R --project-root /data/muscat_data/jaguir26/project1_ucsc_phd --run-root /data/muscat_data/jaguir26/project1_ucsc_phd_runtime/multimodel_v8_publication_replay_representatives_20260506/20210123_exal_m_t1/runs/multimodel_20210123_v8_eps360cf1_exdqlm_multivar_keep_featurecov_cf1 --output-dir /data/muscat_data/jaguir26/project1_ucsc_phd_runtime/exal_m_t1_setup_support_by_cutoff_20260506/20210123_exal_m_t1/figures --cutoff-date 2021-01-23 --forecast-start-date 2021-01-24 --plot-start 2021-01-05 --plot-end 2021-02-20 --event-date  --event-label 
